23:31:50 **** Clean-only build of configuration Debug for project TestProjectCpp.cydsn ****
make clean 
rm -rf  ./Generated_Source/PSoC5/Cm3Start.o ./Generated_Source/PSoC5/CyBootAsmGnu.o ./Generated_Source/PSoC5/CyDmac.o ./Generated_Source/PSoC5/CyFlash.o ./Generated_Source/PSoC5/CyLib.o ./Generated_Source/PSoC5/CyPinLedPower.o ./Generated_Source/PSoC5/CySpc.o ./Generated_Source/PSoC5/cyPm.o ./Generated_Source/PSoC5/cyfitter_cfg.o ./Generated_Source/PSoC5/cymetadata.o ./Generated_Source/PSoC5/cyutils.o  ./main.o  ./Generated_Source/PSoC5/Cm3Start.d ./Generated_Source/PSoC5/CyDmac.d ./Generated_Source/PSoC5/CyFlash.d ./Generated_Source/PSoC5/CyLib.d ./Generated_Source/PSoC5/CyPinLedPower.d ./Generated_Source/PSoC5/CySpc.d ./Generated_Source/PSoC5/cyPm.d ./Generated_Source/PSoC5/cyfitter_cfg.d ./Generated_Source/PSoC5/cymetadata.d ./Generated_Source/PSoC5/cyutils.d  ./main.d  TestProjectCpp
process_begin: CreateProcess(NULL, rm -rf ./Generated_Source/PSoC5/Cm3Start.o ./Generated_Source/PSoC5/CyBootAsmGnu.o ./Generated_Source/PSoC5/CyDmac.o ./Generated_Source/PSoC5/CyFlash.o ./Generated_Source/PSoC5/CyLib.o ./Generated_Source/PSoC5/CyPinLedPower.o ./Generated_Source/PSoC5/CySpc.o ./Generated_Source/PSoC5/cyPm.o ./Generated_Source/PSoC5/cyfitter_cfg.o ./Generated_Source/PSoC5/cymetadata.o ./Generated_Source/PSoC5/cyutils.o ./main.o ./Generated_Source/PSoC5/Cm3Start.d ./Generated_Source/PSoC5/CyDmac.d ./Generated_Source/PSoC5/CyFlash.d ./Generated_Source/PSoC5/CyLib.d ./Generated_Source/PSoC5/CyPinLedPower.d ./Generated_Source/PSoC5/CySpc.d ./Generated_Source/PSoC5/cyPm.d ./Generated_Source/PSoC5/cyfitter_cfg.d ./Generated_Source/PSoC5/cymetadata.d ./Generated_Source/PSoC5/cyutils.d ./main.d TestProjectCpp, ...) failed.
make (e=2): The system cannot find the file specified.

make: [clean] Error 2 (ignored)
' '
23:31:50 **** Build of configuration Debug for project TestProjectCpp.cydsn ****
make pre-build main-build 
"../Generated_Source/PSoC5/prebuild.bat"
' '
'Building file: ../main.c'
'Invoking: Cross GCC Compiler (PSoC Creator)'
arm-none-eabi-gcc -DDEBUG -I"C:\Users\gbmhunter\Google Drive\Projects\TemplatePsocEclipseCpp\TestProjectCpp.cydsn" -I"C:\Users\gbmhunter\Google Drive\Projects\TemplatePsocEclipseCpp\TestProjectCpp.cydsn\Generated_Source\PSoC5" -O2 -ffunction-sections -g -Wall -c -fmessage-length=0 -mcpu=cortex-m3 -mthumb -MMD -MP -MF"main.d" -MT"main.d" -o "main.o" "../main.c"
'Finished building: ../main.c'
' '
'Building target: TestProjectCpp.cydsn'
'Invoking: Cross G++ Linker'
arm-none-eabi-g++ -T ../Generated_Source/PSoC5/cm3gcc.ld -specs=nano.specs -march=armv7-m -mthumb -mfix-cortex-m3-ldrd -Xlinker --gc-sections -o "TestProjectCpp.cydsn"  ./Generated_Source/PSoC5/Cm3Start.o ./Generated_Source/PSoC5/CyBootAsmGnu.o ./Generated_Source/PSoC5/CyDmac.o ./Generated_Source/PSoC5/CyFlash.o ./Generated_Source/PSoC5/CyLib.o ./Generated_Source/PSoC5/CyPinLedPower.o ./Generated_Source/PSoC5/CySpc.o ./Generated_Source/PSoC5/cyPm.o ./Generated_Source/PSoC5/cyfitter_cfg.o ./Generated_Source/PSoC5/cymetadata.o ./Generated_Source/PSoC5/cyutils.o  ./main.o  C:/Users/gbmhunter/Google\ Drive/Projects/TemplatePsocEclipseCpp/TestProjectCpp.cydsn/Generated_Source/PSoC5/ARM_GCC/CyComponentLibrary.a 
arm-none-eabi-g++: error: C:/Users/gbmhunter/Google\: No such file or directory
arm-none-eabi-g++: error: Drive/Projects/TemplatePsocEclipseCpp/TestProjectCpp.cydsn/Generated_Source/PSoC5/ARM_GCC/CyComponentLibrary.a: No such file or directory
make: *** [TestProjectCpp.cydsn] Error 1
23:42:01 **** Incremental Build of configuration Debug for project TestProjectCpp.cydsn ****
make pre-build main-build 
"../Generated_Source/PSoC5/prebuild.bat"
' '
make: *** No rule to make target `C:/Users/gbmhunter/Google Drive/Projects/TemplatePsocEclipseCpp/TestProjectCpp.cydsn/Generated_Source/PSoC5/ARM_GCC/CyComponentLibrary.a', needed by `TestProjectCpp.cydsn'.  Stop.
23:42:31 **** Clean-only build of configuration Debug for project TestProjectCpp.cydsn ****
make clean 
rm -rf  ./Generated_Source/PSoC5/Cm3Start.o ./Generated_Source/PSoC5/CyBootAsmGnu.o ./Generated_Source/PSoC5/CyDmac.o ./Generated_Source/PSoC5/CyFlash.o ./Generated_Source/PSoC5/CyLib.o ./Generated_Source/PSoC5/CyPinLedPower.o ./Generated_Source/PSoC5/CySpc.o ./Generated_Source/PSoC5/cyPm.o ./Generated_Source/PSoC5/cyfitter_cfg.o ./Generated_Source/PSoC5/cymetadata.o ./Generated_Source/PSoC5/cyutils.o  ./main.o  ./Generated_Source/PSoC5/Cm3Start.d ./Generated_Source/PSoC5/CyDmac.d ./Generated_Source/PSoC5/CyFlash.d ./Generated_Source/PSoC5/CyLib.d ./Generated_Source/PSoC5/CyPinLedPower.d ./Generated_Source/PSoC5/CySpc.d ./Generated_Source/PSoC5/cyPm.d ./Generated_Source/PSoC5/cyfitter_cfg.d ./Generated_Source/PSoC5/cymetadata.d ./Generated_Source/PSoC5/cyutils.d  ./main.d  ./main.d  TestProjectCpp.cydsn
process_begin: CreateProcess(NULL, rm -rf ./Generated_Source/PSoC5/Cm3Start.o ./Generated_Source/PSoC5/CyBootAsmGnu.o ./Generated_Source/PSoC5/CyDmac.o ./Generated_Source/PSoC5/CyFlash.o ./Generated_Source/PSoC5/CyLib.o ./Generated_Source/PSoC5/CyPinLedPower.o ./Generated_Source/PSoC5/CySpc.o ./Generated_Source/PSoC5/cyPm.o ./Generated_Source/PSoC5/cyfitter_cfg.o ./Generated_Source/PSoC5/cymetadata.o ./Generated_Source/PSoC5/cyutils.o ./main.o ./Generated_Source/PSoC5/Cm3Start.d ./Generated_Source/PSoC5/CyDmac.d ./Generated_Source/PSoC5/CyFlash.d ./Generated_Source/PSoC5/CyLib.d ./Generated_Source/PSoC5/CyPinLedPower.d ./Generated_Source/PSoC5/CySpc.d ./Generated_Source/PSoC5/cyPm.d ./Generated_Source/PSoC5/cyfitter_cfg.d ./Generated_Source/PSoC5/cymetadata.d ./Generated_Source/PSoC5/cyutils.d ./main.d ./main.d TestProjectCpp.cydsn, ...) failed.
make (e=2): The system cannot find the file specified.

make: [clean] Error 2 (ignored)
' '
23:42:39 **** Build of configuration Debug for project TestProjectCpp.cydsn ****
make pre-build main-build 
"../Generated_Source/PSoC5/prebuild.bat"
' '
'Building target: TestProjectCpp.cydsn'
'Invoking: Cross G++ Linker'
arm-none-eabi-g++ -T ../Generated_Source/PSoC5/cm3gcc.ld -specs=nano.specs -march=armv7-m -mthumb -mfix-cortex-m3-ldrd -Xlinker --gc-sections -o "TestProjectCpp.cydsn"  ./Generated_Source/PSoC5/Cm3Start.o ./Generated_Source/PSoC5/CyBootAsmGnu.o ./Generated_Source/PSoC5/CyDmac.o ./Generated_Source/PSoC5/CyFlash.o ./Generated_Source/PSoC5/CyLib.o ./Generated_Source/PSoC5/CyPinLedPower.o ./Generated_Source/PSoC5/CySpc.o ./Generated_Source/PSoC5/cyPm.o ./Generated_Source/PSoC5/cyfitter_cfg.o ./Generated_Source/PSoC5/cymetadata.o ./Generated_Source/PSoC5/cyutils.o  ./main.o  C:/Users/gbmhunter/GoogleDrive/Projects/TemplatePsocEclipseCpp/TestProjectCpp.cydsn/Generated_Source/PSoC5/ARM_GCC/CyComponentLibrary.a 
'Finished building target: TestProjectCpp.cydsn'
' '
make --no-print-directory post-build
"../Generated_Source/PSoC5/postbuild.bat" "../../Debug/TestProjectCpp.cydsn"
' '
23:42:56 **** Incremental Build of configuration Debug for project TestProjectCpp.cydsn ****
make pre-build main-build 
"../Generated_Source/PSoC5/prebuild.bat"
' '
make: Nothing to be done for `main-build'.
23:42:58 **** Incremental Build of configuration Debug for project TestProjectCpp.cydsn ****
make pre-build main-build 
"../Generated_Source/PSoC5/prebuild.bat"
' '
make: Nothing to be done for `main-build'.
23:43:06 **** Incremental Build of configuration Debug for project TestProjectCpp.cydsn ****
make pre-build main-build 
"../Generated_Source/PSoC5/prebuild.bat"
' '
'Building file: ../main.c'
'Invoking: Cross GCC Compiler (PSoC Creator)'
arm-none-eabi-gcc -DDEBUG -I"C:\Users\gbmhunter\GoogleDrive\Projects\TemplatePsocEclipseCpp\TestProjectCpp.cydsn" -I"C:\Users\gbmhunter\GoogleDrive\Projects\TemplatePsocEclipseCpp\TestProjectCpp.cydsn\Generated_Source\PSoC5" -O2 -ffunction-sections -g -Wall -c -fmessage-length=0 -mcpu=cortex-m3 -mthumb -MMD -MP -MF"main.d" -MT"main.d" -o "main.o" "../main.c"
../main.c: In function 'main':
../main.c:22:1: error: 's' undeclared (first use in this function)
../main.c:22:1: note: each undeclared identifier is reported only once for each function it appears in
../main.c:23:5: error: expected ';' before '}' token
make: *** [main.o] Error 1
23:43:22 **** Clean-only build of configuration Debug for project TestProjectCpp.cydsn ****
make clean 
rm -rf  ./Generated_Source/PSoC5/Cm3Start.o ./Generated_Source/PSoC5/CyBootAsmGnu.o ./Generated_Source/PSoC5/CyDmac.o ./Generated_Source/PSoC5/CyFlash.o ./Generated_Source/PSoC5/CyLib.o ./Generated_Source/PSoC5/CyPinLedPower.o ./Generated_Source/PSoC5/CySpc.o ./Generated_Source/PSoC5/cyPm.o ./Generated_Source/PSoC5/cyfitter_cfg.o ./Generated_Source/PSoC5/cymetadata.o ./Generated_Source/PSoC5/cyutils.o  ./main.o  ./Generated_Source/PSoC5/Cm3Start.d ./Generated_Source/PSoC5/CyDmac.d ./Generated_Source/PSoC5/CyFlash.d ./Generated_Source/PSoC5/CyLib.d ./Generated_Source/PSoC5/CyPinLedPower.d ./Generated_Source/PSoC5/CySpc.d ./Generated_Source/PSoC5/cyPm.d ./Generated_Source/PSoC5/cyfitter_cfg.d ./Generated_Source/PSoC5/cymetadata.d ./Generated_Source/PSoC5/cyutils.d  ./main.d  ./main.d  TestProjectCpp.cydsn
process_begin: CreateProcess(NULL, rm -rf ./Generated_Source/PSoC5/Cm3Start.o ./Generated_Source/PSoC5/CyBootAsmGnu.o ./Generated_Source/PSoC5/CyDmac.o ./Generated_Source/PSoC5/CyFlash.o ./Generated_Source/PSoC5/CyLib.o ./Generated_Source/PSoC5/CyPinLedPower.o ./Generated_Source/PSoC5/CySpc.o ./Generated_Source/PSoC5/cyPm.o ./Generated_Source/PSoC5/cyfitter_cfg.o ./Generated_Source/PSoC5/cymetadata.o ./Generated_Source/PSoC5/cyutils.o ./main.o ./Generated_Source/PSoC5/Cm3Start.d ./Generated_Source/PSoC5/CyDmac.d ./Generated_Source/PSoC5/CyFlash.d ./Generated_Source/PSoC5/CyLib.d ./Generated_Source/PSoC5/CyPinLedPower.d ./Generated_Source/PSoC5/CySpc.d ./Generated_Source/PSoC5/cyPm.d ./Generated_Source/PSoC5/cyfitter_cfg.d ./Generated_Source/PSoC5/cymetadata.d ./Generated_Source/PSoC5/cyutils.d ./main.d ./main.d TestProjectCpp.cydsn, ...) failed.
make (e=2): The system cannot find the file specified.

make: [clean] Error 2 (ignored)
' '
23:43:22 **** Incremental Build of configuration Debug for project TestProjectCpp.cydsn ****
make pre-build main-build 
"../Generated_Source/PSoC5/prebuild.bat"
' '
'Building file: ../main.cpp'
'Invoking: Cross G++ Compiler'
arm-none-eabi-g++ -DDEBUG -I"C:\Users\gbmhunter\GoogleDrive\Projects\TemplatePsocEclipseCpp\TestProjectCpp.cydsn" -I"C:\Users\gbmhunter\GoogleDrive\Projects\TemplatePsocEclipseCpp\TestProjectCpp.cydsn\Generated_Source\PSoC5" -O2 -ffunction-sections -g -Wall -c -fmessage-length=0 -mcpu=cortex-m3 -mthumb -MMD -MP -MF"main.d" -MT"main.d" -o "main.o" "../main.cpp"
../main.cpp: In function 'int main()':
../main.cpp:44:6: error: 'dd' was not declared in this scope
../main.cpp:46:5: error: expected ';' before 'for'
../main.cpp:46:11: error: expected primary-expression before ')' token
../main.cpp:46:11: error: expected ';' before ')' token
make: *** [main.o] Error 1
23:43:26 **** Incremental Build of configuration Debug for project TestProjectCpp.cydsn ****
make pre-build main-build 
"../Generated_Source/PSoC5/prebuild.bat"
' '
'Building file: ../main.cpp'
'Invoking: Cross G++ Compiler'
arm-none-eabi-g++ -DDEBUG -I"C:\Users\gbmhunter\GoogleDrive\Projects\TemplatePsocEclipseCpp\TestProjectCpp.cydsn" -I"C:\Users\gbmhunter\GoogleDrive\Projects\TemplatePsocEclipseCpp\TestProjectCpp.cydsn\Generated_Source\PSoC5" -O2 -ffunction-sections -g -Wall -c -fmessage-length=0 -mcpu=cortex-m3 -mthumb -MMD -MP -MF"main.d" -MT"main.d" -o "main.o" "../main.cpp"
'Finished building: ../main.cpp'
' '
'Building target: TestProjectCpp.cydsn'
'Invoking: Cross G++ Linker'
arm-none-eabi-g++ -T ../Generated_Source/PSoC5/cm3gcc.ld -specs=nano.specs -march=armv7-m -mthumb -mfix-cortex-m3-ldrd -Xlinker --gc-sections -o "TestProjectCpp.cydsn"  ./Generated_Source/PSoC5/Cm3Start.o ./Generated_Source/PSoC5/CyBootAsmGnu.o ./Generated_Source/PSoC5/CyDmac.o ./Generated_Source/PSoC5/CyFlash.o ./Generated_Source/PSoC5/CyLib.o ./Generated_Source/PSoC5/CyPinLedPower.o ./Generated_Source/PSoC5/CySpc.o ./Generated_Source/PSoC5/cyPm.o ./Generated_Source/PSoC5/cyfitter_cfg.o ./Generated_Source/PSoC5/cymetadata.o ./Generated_Source/PSoC5/cyutils.o  ./main.o  C:/Users/gbmhunter/GoogleDrive/Projects/TemplatePsocEclipseCpp/TestProjectCpp.cydsn/Generated_Source/PSoC5/ARM_GCC/CyComponentLibrary.a 
'Finished building target: TestProjectCpp.cydsn'
' '
make --no-print-directory post-build
"../Generated_Source/PSoC5/postbuild.bat" "../../Debug/TestProjectCpp.cydsn"
' '
